2026-02-07 14:55:24 INFO  HotelCostsTest:26 - ID-14:55:24.284228200 --Starting HotelCostsTest -- Capture warning message 
2026-02-07 14:55:24 INFO  HotelCostsTest:34 - *****  Starting HotelCostsTest - HomepageDashboard  ****
2026-02-07 14:55:46 INFO  HotelCostsTest:49 - ***** Searched for required hotel details  ****
2026-02-07 14:55:46 INFO  HotelCostsTest:54 - ***** HotelResultsPage Started  ****
2026-02-07 14:55:59 INFO  HotelCostsTest:98 - ***** HotelCostsTest Completed  ****
2026-02-07 14:55:59 INFO  HotelCostsTest:14 - ***** Starting Cruise Details Test ****
2026-02-07 14:56:21 INFO  HotelCostsTest:21 - ***** Cruise Details Test Completed ****
2026-02-07 14:56:21 INFO  HotelCostsTest:25 - ***** Starting Cruise Results Test ****
2026-02-07 14:56:35 INFO  HotelCostsTest:35 - ***** Selected Cruise Details ****
2026-02-07 14:56:59 INFO  HotelCostsTest:45 - Guest capacity: 4,004
2026-02-07 14:56:59 INFO  HotelCostsTest:46 - Renovated: N/A
2026-02-07 14:56:59 INFO  HotelCostsTest:47 - Cruise ID: 113387
2026-02-07 14:56:59 INFO  HotelCostsTest:54 - ***** Cruise Results Test Completed ****
2026-02-07 15:02:30 INFO  HotelCostsTest:26 - ID-15:02:30.124252400 --Starting HotelCostsTest -- Capture warning message 
2026-02-07 15:02:30 INFO  HotelCostsTest:34 - *****  Starting HotelCostsTest - HomepageDashboard  ****
2026-02-07 15:02:50 INFO  HotelCostsTest:49 - ***** Searched for required hotel details  ****
2026-02-07 15:02:50 INFO  HotelCostsTest:54 - ***** HotelResultsPage Started  ****
2026-02-07 15:03:05 INFO  HotelCostsTest:98 - ***** HotelCostsTest Completed  ****
2026-02-07 15:03:05 INFO  HotelCostsTest:14 - ***** Starting Cruise Details Test ****
2026-02-07 15:03:29 INFO  HotelCostsTest:22 - ***** Cruise Details Test Completed ****
2026-02-07 15:03:29 INFO  HotelCostsTest:26 - ***** Starting Cruise Results Test ****
2026-02-07 15:03:42 INFO  HotelCostsTest:36 - ***** Selected Cruise Details ****
2026-02-07 15:04:04 INFO  HotelCostsTest:46 - Guest capacity: 4,266
2026-02-07 15:04:04 INFO  HotelCostsTest:47 - Renovated: N/A
2026-02-07 15:04:04 INFO  HotelCostsTest:48 - Cruise ID: 205752
2026-02-07 15:04:04 INFO  HotelCostsTest:55 - ***** Cruise Results Test Completed ****
